<?xml version="1.0" encoding="UTF-8"?>
<!-- Generated by org.testng.reporters.JUnitReportReporter -->
<testsuite hostname="DESKTOP-ALNHJVB" failures="0" tests="1" name="com.orgName.testcases.LoginTest" time="0.604" errors="0" timestamp="2020-04-30T19:46:00 IST" skipped="0">
  <testcase classname="com.orgName.testcases.LoginTest" name="loginAsBankManager" time="0.604"/>
</testsuite> <!-- com.orgName.testcases.LoginTest -->
