<?xml version="1.0" encoding="UTF-8"?>
<!-- Generated by org.testng.reporters.JUnitReportReporter -->
<testsuite hostname="DESKTOP-ALNHJVB" failures="0" tests="1" name="com.orgName.testcases.AddCustomerTest" time="1.273" errors="0" timestamp="2020-05-06T16:02:25 IST" skipped="0">
  <testcase classname="com.orgName.testcases.AddCustomerTest" name="addCustomer" time="1.273"/>
  <system-out/>
</testsuite> <!-- com.orgName.testcases.AddCustomerTest -->
